<?xml version="1.0" encoding="UTF-8"?>
<!-- Generated by org.testng.reporters.JUnitReportReporter -->
<testsuite hostname="LAPTOP-U8S548N5" failures="0" tests="2" name="FirstClass" time="3.864" errors="0" timestamp="2023-02-22T17:13:14 IST" skipped="0">
  <testcase classname="FirstClass" name="Addplace" time="3.616"/>
  <system-out/>
  <testcase classname="FirstClass" name="Addplace" time="0.248"/>
  <system-out/>
</testsuite> <!-- FirstClass -->
